2023-09-22 14:43:27,700{GMT}	INFO	[jepsen test runner] jepsen.core: Command line:
lein run test
2023-09-22 14:43:27,722{GMT}	INFO	[jepsen test runner] jepsen.core: Running test:
{:remote #jepsen.control.SSHRemote{:session nil}
 :concurrency 5
 :db
 #object[jepsen.db$reify__3444 "0x2a8b33ba" "jepsen.db$reify__3444@2a8b33ba"]
 :leave-db-running? false
 :name "noop"
 :logging-json? false
 :start-time
 #object[org.joda.time.DateTime "0x43471a7e" "2023-09-22T14:43:27.000+08:00"]
 :net #object[jepsen.net$reify__9085 "0x3cc053" "jepsen.net$reify__9085@3cc053"]
 :client
 #object[jepsen.client$reify__8924
         "0x7fbd3e75"
         "jepsen.client$reify__8924@7fbd3e75"]
 :barrier
 #object[java.util.concurrent.CyclicBarrier
         "0x7fdd43cd"
         "java.util.concurrent.CyclicBarrier@7fdd43cd"]
 :pure-generators true
 :ssh
 {:dummy? false,
  :username "root",
  :password "root",
  :strict-host-key-checking false,
  :private-key-path nil}
 :checker
 #object[jepsen.checker$unbridled_optimism$reify__8609
         "0x1c628f6a"
         "jepsen.checker$unbridled_optimism$reify__8609@1c628f6a"]
 :argv ("test")
 :nemesis
 #object[jepsen.nemesis$reify__9186
         "0x594131f2"
         "jepsen.nemesis$reify__9186@594131f2"]
 :active-histories
 #object[clojure.lang.Atom "0x4877919f" {:status :ready, :val #{}}]
 :nodes ["n1" "n2" "n3" "n4" "n5"]
 :test-count 1
 :generator nil
 :os
 #object[jepsen.os$reify__2489 "0x69364b2d" "jepsen.os$reify__2489@69364b2d"]
 :time-limit 60}

2023-09-22 14:43:31,869{GMT}	WARN	[main] jepsen.core: Test crashed!
clojure.lang.ExceptionInfo: throw+: {:dir "/", :private-key-path nil, :password "root", :username "root", :type :jepsen.control/session-error, :port 22, :strict-host-key-checking false, :host nil, :sudo nil, :dummy false, :message "Error opening SSH session. Verify username, password, and node hostnames are correct.", :session nil}
	at slingshot.support$stack_trace.invoke(support.clj:201)
	at jepsen.control.SSHRemote$fn__3132.invoke(control.clj:322)
	at jepsen.control.SSHRemote.connect(control.clj:319)
	at jepsen.control$session$fn__3147.invoke(control.clj:350)
	at jepsen.reconnect$open_BANG_$fn__2921.invoke(reconnect.clj:59)
	at jepsen.reconnect$open_BANG_.invokeStatic(reconnect.clj:57)
	at jepsen.reconnect$open_BANG_.invoke(reconnect.clj:54)
	at jepsen.control$session.invokeStatic(control.clj:349)
	at jepsen.control$session.invoke(control.clj:345)
	at clojure.lang.AFn.applyToHelper(AFn.java:154)
	at clojure.lang.AFn.applyTo(AFn.java:144)
	at clojure.core$apply.invokeStatic(core.clj:665)
	at clojure.core$with_bindings_STAR_.invokeStatic(core.clj:1973)
	at clojure.core$with_bindings_STAR_.doInvoke(core.clj:1973)
	at clojure.lang.RestFn.applyTo(RestFn.java:142)
	at clojure.core$apply.invokeStatic(core.clj:669)
	at clojure.core$bound_fn_STAR_$fn__5734.doInvoke(core.clj:2003)
	at clojure.lang.RestFn.applyTo(RestFn.java:137)
	at clojure.core$apply.invokeStatic(core.clj:665)
	at clojure.core$apply.invoke(core.clj:660)
	at jepsen.util$fcatch$wrapper__2167.doInvoke(util.clj:39)
	at clojure.lang.RestFn.invoke(RestFn.java:408)
	at dom_top.core$real_pmap_helper$build_thread__213$fn__214.invoke(core.clj:146)
	at clojure.lang.AFn.applyToHelper(AFn.java:152)
	at clojure.lang.AFn.applyTo(AFn.java:144)
	at clojure.core$apply.invokeStatic(core.clj:665)
	at clojure.core$with_bindings_STAR_.invokeStatic(core.clj:1973)
	at clojure.core$with_bindings_STAR_.doInvoke(core.clj:1973)
	at clojure.lang.RestFn.invoke(RestFn.java:425)
	at clojure.lang.AFn.applyToHelper(AFn.java:156)
	at clojure.lang.RestFn.applyTo(RestFn.java:132)
	at clojure.core$apply.invokeStatic(core.clj:669)
	at clojure.core$bound_fn_STAR_$fn__5734.doInvoke(core.clj:2003)
	at clojure.lang.RestFn.invoke(RestFn.java:397)
	at clojure.lang.AFn.run(AFn.java:22)
	at java.lang.Thread.run(Thread.java:750)
Caused by: com.jcraft.jsch.JSchException: java.net.UnknownHostException: n1
	at com.jcraft.jsch.Util.createSocket(Util.java:349)
	at com.jcraft.jsch.Session.connect(Session.java:215)
	at com.jcraft.jsch.Session.connect(Session.java:183)
	at clj_ssh.ssh$fn__2617.invokeStatic(ssh.clj:118)
	at clj_ssh.ssh$fn__2617.invoke(ssh.clj:115)
	at clj_ssh.ssh.protocols$fn__2575$G__2542__2584.invoke(protocols.clj:4)
	at clj_ssh.ssh$connect.invokeStatic(ssh.clj:401)
	at clj_ssh.ssh$connect.invoke(ssh.clj:397)
	at jepsen.control$clj_ssh_session.invokeStatic(control.clj:311)
	at jepsen.control$clj_ssh_session.invoke(control.clj:298)
	at jepsen.control.SSHRemote$fn__3132.invoke(control.clj:320)
	... 34 common frames omitted
Caused by: java.net.UnknownHostException: n1
	at java.net.AbstractPlainSocketImpl.connect(AbstractPlainSocketImpl.java:184)
	at java.net.SocksSocketImpl.connect(SocksSocketImpl.java:392)
	at java.net.Socket.connect(Socket.java:607)
	at java.net.Socket.connect(Socket.java:556)
	at java.net.Socket.<init>(Socket.java:452)
	at java.net.Socket.<init>(Socket.java:229)
	at com.jcraft.jsch.Util.createSocket(Util.java:343)
	... 44 common frames omitted
